
> svlentes-landing-page@0.1.0 test:e2e
> playwright test

Error: Cannot find module '@axe-core/playwright'
Require stack:
- /root/svlentes-hero-shop/e2e/accessibility.spec.ts
- /root/svlentes-hero-shop/node_modules/playwright/lib/transform/transform.js
- /root/svlentes-hero-shop/node_modules/playwright/lib/common/configLoader.js
- /root/svlentes-hero-shop/node_modules/playwright/lib/program.js
- /root/svlentes-hero-shop/node_modules/@playwright/test/cli.js

   at accessibility.spec.ts:2

  1 | import { test, expect } from '@playwright/test'
> 2 | import AxeBuilder from '@axe-core/playwright'
    | ^
  3 |
  4 | test.describe('Testes de Acessibilidade WCAG 2.1 AA', () => {
  5 |     test.beforeEach(async ({ page }) => {
    at Object.<anonymous> (/root/svlentes-hero-shop/e2e/accessibility.spec.ts:2:1)

Cannot use({ defaultBrowserType }) in a describe group, because it forces a new worker.
Make it top-level in the test file or put in the configuration file.

   at mobile-specific.spec.ts:9

   7 |
   8 | test.describe('Mobile-Specific E2E Tests', () => {
>  9 |     test.use({ ...devices['iPhone 12'] })
     |          ^
  10 |
  11 |     test.beforeEach(async ({ page }) => {
  12 |         await page.goto('/')

Cannot use({ defaultBrowserType }) in a describe group, because it forces a new worker.
Make it top-level in the test file or put in the configuration file.

   at mobile-specific.spec.ts:9

   7 |
   8 | test.describe('Mobile-Specific E2E Tests', () => {
>  9 |     test.use({ ...devices['iPhone 12'] })
     |          ^
  10 |
  11 |     test.beforeEach(async ({ page }) => {
  12 |         await page.goto('/')

Cannot use({ defaultBrowserType }) in a describe group, because it forces a new worker.
Make it top-level in the test file or put in the configuration file.

   at mobile-specific.spec.ts:9

   7 |
   8 | test.describe('Mobile-Specific E2E Tests', () => {
>  9 |     test.use({ ...devices['iPhone 12'] })
     |          ^
  10 |
  11 |     test.beforeEach(async ({ page }) => {
  12 |         await page.goto('/')

Cannot use({ defaultBrowserType }) in a describe group, because it forces a new worker.
Make it top-level in the test file or put in the configuration file.

   at mobile-specific.spec.ts:9

   7 |
   8 | test.describe('Mobile-Specific E2E Tests', () => {
>  9 |     test.use({ ...devices['iPhone 12'] })
     |          ^
  10 |
  11 |     test.beforeEach(async ({ page }) => {
  12 |         await page.goto('/')

Cannot use({ defaultBrowserType }) in a describe group, because it forces a new worker.
Make it top-level in the test file or put in the configuration file.

   at mobile-specific.spec.ts:9

   7 |
   8 | test.describe('Mobile-Specific E2E Tests', () => {
>  9 |     test.use({ ...devices['iPhone 12'] })
     |          ^
  10 |
  11 |     test.beforeEach(async ({ page }) => {
  12 |         await page.goto('/')

Cannot use({ defaultBrowserType }) in a describe group, because it forces a new worker.
Make it top-level in the test file or put in the configuration file.

   at mobile-specific.spec.ts:9

   7 |
   8 | test.describe('Mobile-Specific E2E Tests', () => {
>  9 |     test.use({ ...devices['iPhone 12'] })
     |          ^
  10 |
  11 |     test.beforeEach(async ({ page }) => {
  12 |         await page.goto('/')

Cannot use({ defaultBrowserType }) in a describe group, because it forces a new worker.
Make it top-level in the test file or put in the configuration file.

   at mobile-specific.spec.ts:9

   7 |
   8 | test.describe('Mobile-Specific E2E Tests', () => {
>  9 |     test.use({ ...devices['iPhone 12'] })
     |          ^
  10 |
  11 |     test.beforeEach(async ({ page }) => {
  12 |         await page.goto('/')

Cannot use({ defaultBrowserType }) in a describe group, because it forces a new worker.
Make it top-level in the test file or put in the configuration file.

   at mobile-specific.spec.ts:130

  128 |
  129 | test.describe('Mobile Accessibility E2E', () => {
> 130 |     test.use({ ...devices['iPhone 12'] })
      |          ^
  131 |
  132 |     test('should have appropriate touch targets on mobile', async ({ page }) => {
  133 |         await page.goto('/')

Cannot use({ defaultBrowserType }) in a describe group, because it forces a new worker.
Make it top-level in the test file or put in the configuration file.

   at mobile-specific.spec.ts:130

  128 |
  129 | test.describe('Mobile Accessibility E2E', () => {
> 130 |     test.use({ ...devices['iPhone 12'] })
      |          ^
  131 |
  132 |     test('should have appropriate touch targets on mobile', async ({ page }) => {
  133 |         await page.goto('/')

Cannot use({ defaultBrowserType }) in a describe group, because it forces a new worker.
Make it top-level in the test file or put in the configuration file.

   at mobile-specific.spec.ts:130

  128 |
  129 | test.describe('Mobile Accessibility E2E', () => {
> 130 |     test.use({ ...devices['iPhone 12'] })
      |          ^
  131 |
  132 |     test('should have appropriate touch targets on mobile', async ({ page }) => {
  133 |         await page.goto('/')

Cannot use({ defaultBrowserType }) in a describe group, because it forces a new worker.
Make it top-level in the test file or put in the configuration file.

   at mobile-specific.spec.ts:184

  182 |
  183 | test.describe('Mobile Performance E2E', () => {
> 184 |     test.use({ ...devices['iPhone 12'] })
      |          ^
  185 |
  186 |     test('should load quickly on mobile network', async ({ page }) => {
  187 |         // Simulate slow 3G network

Cannot use({ defaultBrowserType }) in a describe group, because it forces a new worker.
Make it top-level in the test file or put in the configuration file.

   at mobile-specific.spec.ts:184

  182 |
  183 | test.describe('Mobile Performance E2E', () => {
> 184 |     test.use({ ...devices['iPhone 12'] })
      |          ^
  185 |
  186 |     test('should load quickly on mobile network', async ({ page }) => {
  187 |         // Simulate slow 3G network

Cannot use({ defaultBrowserType }) in a describe group, because it forces a new worker.
Make it top-level in the test file or put in the configuration file.

   at mobile-specific.spec.ts:184

  182 |
  183 | test.describe('Mobile Performance E2E', () => {
> 184 |     test.use({ ...devices['iPhone 12'] })
      |          ^
  185 |
  186 |     test('should load quickly on mobile network', async ({ page }) => {
  187 |         // Simulate slow 3G network

Cannot use({ defaultBrowserType }) in a describe group, because it forces a new worker.
Make it top-level in the test file or put in the configuration file.

   at mobile-specific.spec.ts:242

  240 |
  241 | test.describe('Mobile-Specific Features E2E', () => {
> 242 |     test.use({ ...devices['iPhone 12'] })
      |          ^
  243 |
  244 |     test('should handle mobile-specific form features', async ({ page }) => {
  245 |         await page.goto('/')

Cannot use({ defaultBrowserType }) in a describe group, because it forces a new worker.
Make it top-level in the test file or put in the configuration file.

   at mobile-specific.spec.ts:242

  240 |
  241 | test.describe('Mobile-Specific Features E2E', () => {
> 242 |     test.use({ ...devices['iPhone 12'] })
      |          ^
  243 |
  244 |     test('should handle mobile-specific form features', async ({ page }) => {
  245 |         await page.goto('/')

Cannot use({ defaultBrowserType }) in a describe group, because it forces a new worker.
Make it top-level in the test file or put in the configuration file.

   at mobile-specific.spec.ts:242

  240 |
  241 | test.describe('Mobile-Specific Features E2E', () => {
> 242 |     test.use({ ...devices['iPhone 12'] })
      |          ^
  243 |
  244 |     test('should handle mobile-specific form features', async ({ page }) => {
  245 |         await page.goto('/')

[1A[2K
To open last HTML report run:
[36m[39m
[36m  npx playwright show-report[39m
[36m[39m
